<?xml version="1.0" encoding="UTF-8"?>
<testng-results ignored="0" total="1" passed="1" failed="0" skipped="0">
  <reporter-output>
  </reporter-output>
  <suite started-at="2020-03-02T13:26:32Z" name="Default suite" finished-at="2020-03-02T13:26:35Z" duration-ms="3803">
    <groups>
    </groups>
    <test started-at="2020-03-02T13:26:32Z" name="Default test" finished-at="2020-03-02T13:26:35Z" duration-ms="3803">
      <class name="TestNG.test_web_page">
        <test-method is-config="true" signature="launch()[pri:0, instance:TestNG.test_web_page@4ae3c1cd]" started-at="2020-03-02T13:26:32Z" name="launch" finished-at="2020-03-02T13:26:35Z" duration-ms="3320" status="PASS">
          <reporter-output>
          </reporter-output>
        </test-method> <!-- launch -->
        <test-method signature="verifyaboutus()[pri:0, instance:TestNG.test_web_page@4ae3c1cd]" started-at="2020-03-02T13:26:35Z" name="verifyaboutus" finished-at="2020-03-02T13:26:35Z" duration-ms="388" status="PASS">
          <reporter-output>
          </reporter-output>
        </test-method> <!-- verifyaboutus -->
        <test-method is-config="true" signature="close()[pri:0, instance:TestNG.test_web_page@4ae3c1cd]" started-at="2020-03-02T13:26:35Z" name="close" finished-at="2020-03-02T13:26:35Z" duration-ms="74" status="PASS">
          <reporter-output>
          </reporter-output>
        </test-method> <!-- close -->
      </class> <!-- TestNG.test_web_page -->
    </test> <!-- Default test -->
  </suite> <!-- Default suite -->
</testng-results>
